<?xml version="1.0" encoding="UTF-8"?>
<!-- Generated by org.testng.reporters.JUnitReportReporter -->
<testsuite name="NG.ParallelTests" tests="2" time="51.889" ignored="0" failures="0" timestamp="16 Sep 2019 06:23:17 GMT" skipped="0" hostname="IND02876" errors="0">
  <testcase name="testcasetwo" time="33.007" classname="NG.ParallelTests"/>
  <testcase name="testcaseone" time="18.882" classname="NG.ParallelTests"/>
</testsuite> <!-- NG.ParallelTests -->
