<?xml version="1.0" encoding="UTF-8"?>
<!-- Generated by org.testng.reporters.JUnitReportReporter -->
<testsuite name="NG.Batch" tests="1" time="0.070" ignored="0" failures="0" timestamp="12 Sep 2019 06:46:05 GMT" skipped="0" hostname="IND02876" errors="0">
  <testcase name="Title" time="0.070" classname="NG.Batch"/>
</testsuite> <!-- NG.Batch -->
