<?xml version="1.0" encoding="UTF-8"?>
<!-- Generated by org.testng.reporters.JUnitReportReporter -->
<testsuite name="NG.Search" tests="3" time="1.508" ignored="0" failures="0" timestamp="13 Sep 2019 06:13:04 GMT" skipped="0" hostname="IND02876" errors="0">
  <testcase name="search" time="0.075" classname="NG.Search"/>
  <testcase name="search" time="1.332" classname="NG.Search"/>
  <testcase name="search" time="0.101" classname="NG.Search"/>
</testsuite> <!-- NG.Search -->
