<?xml version="1.0" encoding="UTF-8"?>
<!-- Generated by org.testng.reporters.JUnitReportReporter -->
<testsuite name="NG.Demo2" tests="2" time="0.075" ignored="1" failures="0" timestamp="13 Sep 2019 05:59:48 GMT" skipped="0" hostname="IND02876" errors="0">
  <testcase name="getURL" time="0.064" classname="NG.Demo2"/>
  <testcase name="Title" time="0.011" classname="NG.Demo2"/>
  <testcase name="contact" classname="NG.Demo2">
    <skipped/>
  </testcase> <!-- contact -->
</testsuite> <!-- NG.Demo2 -->
