<?xml version="1.0" encoding="UTF-8"?>
<!-- Generated by org.testng.reporters.JUnitReportReporter -->
<testsuite name="NG.Parameter" tests="1" time="0.388" ignored="0" failures="0" timestamp="13 Sep 2019 06:42:19 GMT" skipped="0" hostname="IND02876" errors="0">
  <testcase name="search" time="0.388" classname="NG.Parameter"/>
</testsuite> <!-- NG.Parameter -->
